Hmm ... looks like a package
Converting parsed Rd's to LaTeX ...
Creating pdf output from LaTeX ...
Warning in texi2dvi(file = file, pdf = TRUE, clean = clean, quiet = quiet,  :
  texi2dvi script/program not available, using emulation
This is pdfTeX, Version 3.141592653-2.6-1.40.24 (TeX Live 2022) (preloaded format=pdflatex)
 restricted \write18 enabled.
entering extended mode
(./Rd2.tex
LaTeX2e <2022-11-01> patch level 1
L3 programming layer <2023-02-22>
(/usr/local/texlive/2022/texmf-dist/tex/latex/base/book.cls
Document Class: book 2022/07/02 v1.4n Standard LaTeX document class
(/usr/local/texlive/2022/texmf-dist/tex/latex/base/bk10.clo))
(/usr/share/R/share/texmf/tex/latex/Rd.sty
(/usr/local/texlive/2022/texmf-dist/tex/latex/base/ifthen.sty)
(/usr/local/texlive/2022/texmf-dist/tex/generic/iftex/iftex.sty)
(/usr/local/texlive/2022/texmf-dist/tex/latex/tools/longtable.sty)
(/usr/local/texlive/2022/texmf-dist/tex/latex/tools/bm.sty)
(/usr/local/texlive/2022/texmf-dist/tex/latex/base/alltt.sty)
(/usr/local/texlive/2022/texmf-dist/tex/latex/tools/verbatim.sty)
(/usr/local/texlive/2022/texmf-dist/tex/latex/url/url.sty)
(/usr/local/texlive/2022/texmf-dist/tex/latex/base/textcomp.sty)
(/usr/local/texlive/2022/texmf-dist/tex/latex/amsmath/amsmath.sty
For additional information on amsmath, use the `?' option.
(/usr/local/texlive/2022/texmf-dist/tex/latex/amsmath/amstext.sty
(/usr/local/texlive/2022/texmf-dist/tex/latex/amsmath/amsgen.sty))
(/usr/local/texlive/2022/texmf-dist/tex/latex/amsmath/amsbsy.sty)
(/usr/local/texlive/2022/texmf-dist/tex/latex/amsmath/amsopn.sty))
(/usr/local/texlive/2022/texmf-dist/tex/latex/amsfonts/amsfonts.sty)
(/usr/local/texlive/2022/texmf-dist/tex/latex/amsfonts/amssymb.sty)
(/usr/local/texlive/2022/texmf-dist/tex/latex/jknapltx/mathrsfs.sty)
(/usr/local/texlive/2022/texmf-dist/tex/latex/base/fontenc.sty)
(/usr/local/texlive/2022/texmf-dist/tex/latex/psnfss/times.sty)
(/usr/local/texlive/2022/texmf-dist/tex/latex/inconsolata/zi4.sty
`inconsolata-zi4' v1.12, 2019/05/17 Text macros for Inconsolata (msharpe)
(/usr/local/texlive/2022/texmf-dist/tex/latex/xkeyval/xkeyval.sty
(/usr/local/texlive/2022/texmf-dist/tex/generic/xkeyval/xkeyval.tex
(/usr/local/texlive/2022/texmf-dist/tex/generic/xkeyval/xkvutils.tex
(/usr/local/texlive/2022/texmf-dist/tex/generic/xkeyval/keyval.tex)))))
(/usr/local/texlive/2022/texmf-dist/tex/latex/graphics/color.sty
(/usr/local/texlive/2022/texmf-dist/tex/latex/graphics-cfg/color.cfg)
(/usr/local/texlive/2022/texmf-dist/tex/latex/graphics-def/pdftex.def)
(/usr/local/texlive/2022/texmf-dist/tex/latex/graphics/mathcolor.ltx))
(/usr/local/texlive/2022/texmf-dist/tex/latex/hyperref/hyperref.sty
(/usr/local/texlive/2022/texmf-dist/tex/generic/ltxcmds/ltxcmds.sty)
(/usr/local/texlive/2022/texmf-dist/tex/generic/pdftexcmds/pdftexcmds.sty
(/usr/local/texlive/2022/texmf-dist/tex/generic/infwarerr/infwarerr.sty))
(/usr/local/texlive/2022/texmf-dist/tex/latex/kvsetkeys/kvsetkeys.sty)
(/usr/local/texlive/2022/texmf-dist/tex/generic/kvdefinekeys/kvdefinekeys.sty)
(/usr/local/texlive/2022/texmf-dist/tex/generic/pdfescape/pdfescape.sty)
(/usr/local/texlive/2022/texmf-dist/tex/latex/hycolor/hycolor.sty)
(/usr/local/texlive/2022/texmf-dist/tex/latex/letltxmacro/letltxmacro.sty)
(/usr/local/texlive/2022/texmf-dist/tex/latex/auxhook/auxhook.sty)
(/usr/local/texlive/2022/texmf-dist/tex/latex/hyperref/nameref.sty
(/usr/local/texlive/2022/texmf-dist/tex/latex/refcount/refcount.sty)
(/usr/local/texlive/2022/texmf-dist/tex/generic/gettitlestring/gettitlestring.s
ty (/usr/local/texlive/2022/texmf-dist/tex/latex/kvoptions/kvoptions.sty)))
(/usr/local/texlive/2022/texmf-dist/tex/latex/hyperref/pd1enc.def)
(/usr/local/texlive/2022/texmf-dist/tex/generic/intcalc/intcalc.sty)
(/usr/local/texlive/2022/texmf-dist/tex/generic/etexcmds/etexcmds.sty)
(/usr/local/texlive/2022/texmf-dist/tex/latex/hyperref/puenc.def)
(/usr/local/texlive/2022/texmf-dist/tex/generic/bitset/bitset.sty
(/usr/local/texlive/2022/texmf-dist/tex/generic/bigintcalc/bigintcalc.sty))
(/usr/local/texlive/2022/texmf-dist/tex/latex/base/atbegshi-ltx.sty))
(/usr/local/texlive/2022/texmf-dist/tex/latex/hyperref/hpdftex.def
(/usr/local/texlive/2022/texmf-dist/tex/latex/base/atveryend-ltx.sty)
(/usr/local/texlive/2022/texmf-dist/tex/latex/rerunfilecheck/rerunfilecheck.sty

(/usr/local/texlive/2022/texmf-dist/tex/generic/uniquecounter/uniquecounter.sty
)))) (/usr/local/texlive/2022/texmf-dist/tex/latex/base/makeidx.sty)
Writing index file Rd2.idx
(/usr/local/texlive/2022/texmf-dist/tex/latex/psnfss/t1ptm.fd)
(/usr/local/texlive/2022/texmf-dist/tex/latex/l3backend/l3backend-pdftex.def)
No file Rd2.aux.
(/usr/local/texlive/2022/texmf-dist/tex/context/base/mkii/supp-pdf.mkii
[Loading MPS to PDF converter (version 2006.09.02).]
) (/usr/local/texlive/2022/texmf-dist/tex/latex/inconsolata/t1zi4.fd)
No file Rd2.toc.
[1{/usr/local/texlive/2022/texmf-var/fonts/map/pdftex/updmap/pdftex.map}]
(/usr/local/texlive/2022/texmf-dist/tex/latex/amsfonts/umsa.fd)
(/usr/local/texlive/2022/texmf-dist/tex/latex/amsfonts/umsb.fd)
(/usr/local/texlive/2022/texmf-dist/tex/latex/jknapltx/ursfs.fd) [2]
Overfull \hbox (7.81787pt too wide) in paragraph at lines 125--126
[]\T1/ptm/m/n/10 list with PathTo-Fasta, En-zyme, Pep-Min-Length, Pep-MaxLength
, MaxNum-Missed-
[3] [4] [5] [6] [7] [8] [9] [10]
Overfull \hbox (23.14067pt too wide) in paragraph at lines 526--527
[]\T1/ptm/m/n/10 Index built by []\T1/zi4/m/n/10 buildSearchIndexFromSequences 
[]\T1/ptm/m/n/10 or []\T1/zi4/m/n/10 buildSearchIndexFromFasta[]\T1/ptm/m/n/10 
. 
[11]
Overfull \hbox (45.21033pt too wide) in paragraph at lines 588--591
[]\T1/zi4/m/n/10 "ProteoformAb"[]\T1/ptm/m/n/10 , []\T1/zi4/m/n/10 "Digest"[]\T
1/ptm/m/n/10 , []\T1/zi4/m/n/10 "MSRun"[]\T1/ptm/m/n/10 , and []\T1/zi4/m/n/10 
"DataAnalysis"[]\T1/ptm/m/n/10 . De-fault is []\T1/zi4/m/n/10 "DataAnalysis"[]\
T1/ptm/m/n/10 . 
[12] [13] [14]
Overfull \hbox (33.88713pt too wide) in paragraph at lines 704--707
[]\T1/ptm/m/n/10 A char-ac-ter vec-tor of stages to com-pute hashes for. De-fau
lt is all stages: []\T1/zi4/m/n/10 "GroundTruth"[]\T1/ptm/m/n/10 ,
[15] (/usr/local/texlive/2022/texmf-dist/tex/latex/psnfss/ts1ptm.fd) [16]
[17] [18] [19]
Overfull \hbox (114.75635pt too wide) in paragraph at lines 1018--1018
 []\T1/zi4/m/n/9 benchmarks <- matrix_benchmarks(run_sims(def_param(), set_prot
eomaker(cores = NULL)), set_proteomaker(cores = NULL))[] 
[20] [21]
Overfull \hbox (13.25807pt too wide) in paragraph at lines 1111--1112
[]\T1/ptm/m/n/10 The method used for pro-tein sum-ma-riza-tion, e.g., "sum.top3
"
[22] [23] [24] [25] [26]
Overfull \hbox (7.39706pt too wide) in paragraph at lines 1401--1403
[]\T1/ptm/m/n/10 A list con-tain-ing cat-e-go-rized pa-ram-e-ter sets, typ-i-ca
lly gen-er-ated us-ing []\T1/zi4/m/n/10 def_param[]\T1/ptm/m/n/10 . 
[27] [28]
Overfull \hbox (7.57678pt too wide) in paragraph at lines 1506--1508
[]\T1/ptm/m/n/10 A log-i-cal value in-di-cat-ing whether to cal-cu-late all ben
ch-marks. De-fault is `TRUE`. 
[29]
Overfull \hbox (44.71754pt too wide) in paragraph at lines 1559--1561
[]\T1/ptm/m/n/10 A data frame con-tain-ing bench-mark re-sults, typ-i-cally gen
-er-ated by the []\T1/zi4/m/n/10 matrix_benchmarks
[30]
Overfull \hbox (114.75635pt too wide) in paragraph at lines 1630--1630
 []\T1/zi4/m/n/9 benchmarks <- matrix_benchmarks(run_sims(def_param(), set_prot
eomaker(cores = NULL)), set_proteomaker(cores = NULL)) 
No file Rd2.ind.
[31] (./Rd2.aux)

Package rerunfilecheck Warning: File `Rd2.out' has changed.
(rerunfilecheck)                Rerun to get outlines right
(rerunfilecheck)                or use package `bookmark'.

 )
(see the transcript file for additional information){/usr/local/texlive/2022/te
xmf-dist/fonts/enc/dvips/base/8r.enc}{/usr/local/texlive/2022/texmf-dist/fonts/
enc/dvips/inconsolata/i4-t1-0.enc}</usr/local/texlive/2022/texmf-dist/fonts/typ
e1/public/inconsolata/Inconsolata-zi4r.pfb></usr/local/texlive/2022/texmf-dist/
fonts/type1/urw/times/utmb8a.pfb></usr/local/texlive/2022/texmf-dist/fonts/type
1/urw/times/utmr8a.pfb></usr/local/texlive/2022/texmf-dist/fonts/type1/urw/time
s/utmr8a.pfb></usr/local/texlive/2022/texmf-dist/fonts/type1/urw/times/utmri8a.
pfb>
Output written on Rd2.pdf (31 pages, 141100 bytes).
Transcript written on Rd2.log.
This is makeindex, version 2.16 [TeX Live 2022] (kpathsea + Thai support).
Scanning input file Rd2.idx....done (82 entries accepted, 0 rejected).
Sorting entries....done (538 comparisons).
Generating output file Rd2.ind....done (130 lines written, 0 warnings).
Output written in Rd2.ind.
Transcript written in Rd2.ilg.
This is pdfTeX, Version 3.141592653-2.6-1.40.24 (TeX Live 2022) (preloaded format=pdflatex)
 restricted \write18 enabled.
entering extended mode
(./Rd2.tex
LaTeX2e <2022-11-01> patch level 1
L3 programming layer <2023-02-22>
(/usr/local/texlive/2022/texmf-dist/tex/latex/base/book.cls
Document Class: book 2022/07/02 v1.4n Standard LaTeX document class
(/usr/local/texlive/2022/texmf-dist/tex/latex/base/bk10.clo))
(/usr/share/R/share/texmf/tex/latex/Rd.sty
(/usr/local/texlive/2022/texmf-dist/tex/latex/base/ifthen.sty)
(/usr/local/texlive/2022/texmf-dist/tex/generic/iftex/iftex.sty)
(/usr/local/texlive/2022/texmf-dist/tex/latex/tools/longtable.sty)
(/usr/local/texlive/2022/texmf-dist/tex/latex/tools/bm.sty)
(/usr/local/texlive/2022/texmf-dist/tex/latex/base/alltt.sty)
(/usr/local/texlive/2022/texmf-dist/tex/latex/tools/verbatim.sty)
(/usr/local/texlive/2022/texmf-dist/tex/latex/url/url.sty)
(/usr/local/texlive/2022/texmf-dist/tex/latex/base/textcomp.sty)
(/usr/local/texlive/2022/texmf-dist/tex/latex/amsmath/amsmath.sty
For additional information on amsmath, use the `?' option.
(/usr/local/texlive/2022/texmf-dist/tex/latex/amsmath/amstext.sty
(/usr/local/texlive/2022/texmf-dist/tex/latex/amsmath/amsgen.sty))
(/usr/local/texlive/2022/texmf-dist/tex/latex/amsmath/amsbsy.sty)
(/usr/local/texlive/2022/texmf-dist/tex/latex/amsmath/amsopn.sty))
(/usr/local/texlive/2022/texmf-dist/tex/latex/amsfonts/amsfonts.sty)
(/usr/local/texlive/2022/texmf-dist/tex/latex/amsfonts/amssymb.sty)
(/usr/local/texlive/2022/texmf-dist/tex/latex/jknapltx/mathrsfs.sty)
(/usr/local/texlive/2022/texmf-dist/tex/latex/base/fontenc.sty)
(/usr/local/texlive/2022/texmf-dist/tex/latex/psnfss/times.sty)
(/usr/local/texlive/2022/texmf-dist/tex/latex/inconsolata/zi4.sty
`inconsolata-zi4' v1.12, 2019/05/17 Text macros for Inconsolata (msharpe)
(/usr/local/texlive/2022/texmf-dist/tex/latex/xkeyval/xkeyval.sty
(/usr/local/texlive/2022/texmf-dist/tex/generic/xkeyval/xkeyval.tex
(/usr/local/texlive/2022/texmf-dist/tex/generic/xkeyval/xkvutils.tex
(/usr/local/texlive/2022/texmf-dist/tex/generic/xkeyval/keyval.tex)))))
(/usr/local/texlive/2022/texmf-dist/tex/latex/graphics/color.sty
(/usr/local/texlive/2022/texmf-dist/tex/latex/graphics-cfg/color.cfg)
(/usr/local/texlive/2022/texmf-dist/tex/latex/graphics-def/pdftex.def)
(/usr/local/texlive/2022/texmf-dist/tex/latex/graphics/mathcolor.ltx))
(/usr/local/texlive/2022/texmf-dist/tex/latex/hyperref/hyperref.sty
(/usr/local/texlive/2022/texmf-dist/tex/generic/ltxcmds/ltxcmds.sty)
(/usr/local/texlive/2022/texmf-dist/tex/generic/pdftexcmds/pdftexcmds.sty
(/usr/local/texlive/2022/texmf-dist/tex/generic/infwarerr/infwarerr.sty))
(/usr/local/texlive/2022/texmf-dist/tex/latex/kvsetkeys/kvsetkeys.sty)
(/usr/local/texlive/2022/texmf-dist/tex/generic/kvdefinekeys/kvdefinekeys.sty)
(/usr/local/texlive/2022/texmf-dist/tex/generic/pdfescape/pdfescape.sty)
(/usr/local/texlive/2022/texmf-dist/tex/latex/hycolor/hycolor.sty)
(/usr/local/texlive/2022/texmf-dist/tex/latex/letltxmacro/letltxmacro.sty)
(/usr/local/texlive/2022/texmf-dist/tex/latex/auxhook/auxhook.sty)
(/usr/local/texlive/2022/texmf-dist/tex/latex/hyperref/nameref.sty
(/usr/local/texlive/2022/texmf-dist/tex/latex/refcount/refcount.sty)
(/usr/local/texlive/2022/texmf-dist/tex/generic/gettitlestring/gettitlestring.s
ty (/usr/local/texlive/2022/texmf-dist/tex/latex/kvoptions/kvoptions.sty)))
(/usr/local/texlive/2022/texmf-dist/tex/latex/hyperref/pd1enc.def)
(/usr/local/texlive/2022/texmf-dist/tex/generic/intcalc/intcalc.sty)
(/usr/local/texlive/2022/texmf-dist/tex/generic/etexcmds/etexcmds.sty)
(/usr/local/texlive/2022/texmf-dist/tex/latex/hyperref/puenc.def)
(/usr/local/texlive/2022/texmf-dist/tex/generic/bitset/bitset.sty
(/usr/local/texlive/2022/texmf-dist/tex/generic/bigintcalc/bigintcalc.sty))
(/usr/local/texlive/2022/texmf-dist/tex/latex/base/atbegshi-ltx.sty))
(/usr/local/texlive/2022/texmf-dist/tex/latex/hyperref/hpdftex.def
(/usr/local/texlive/2022/texmf-dist/tex/latex/base/atveryend-ltx.sty)
(/usr/local/texlive/2022/texmf-dist/tex/latex/rerunfilecheck/rerunfilecheck.sty

(/usr/local/texlive/2022/texmf-dist/tex/generic/uniquecounter/uniquecounter.sty
)))) (/usr/local/texlive/2022/texmf-dist/tex/latex/base/makeidx.sty)
Writing index file Rd2.idx
(/usr/local/texlive/2022/texmf-dist/tex/latex/psnfss/t1ptm.fd)
(/usr/local/texlive/2022/texmf-dist/tex/latex/l3backend/l3backend-pdftex.def)
(./Rd2.aux)
(/usr/local/texlive/2022/texmf-dist/tex/context/base/mkii/supp-pdf.mkii
[Loading MPS to PDF converter (version 2006.09.02).]
) (./Rd2.out) (./Rd2.out)
(/usr/local/texlive/2022/texmf-dist/tex/latex/inconsolata/t1zi4.fd) (./Rd2.toc
(/usr/local/texlive/2022/texmf-dist/tex/latex/amsfonts/umsa.fd)
(/usr/local/texlive/2022/texmf-dist/tex/latex/amsfonts/umsb.fd)
(/usr/local/texlive/2022/texmf-dist/tex/latex/jknapltx/ursfs.fd) [1{/usr/local/
texlive/2022/texmf-var/fonts/map/pdftex/updmap/pdftex.map}]) [2] [3]
Overfull \hbox (7.81787pt too wide) in paragraph at lines 125--126
[]\T1/ptm/m/n/10 list with PathTo-Fasta, En-zyme, Pep-Min-Length, Pep-MaxLength
, MaxNum-Missed-
[4] [5] [6] [7] [8] [9] [10] [11]
Overfull \hbox (23.14067pt too wide) in paragraph at lines 526--527
[]\T1/ptm/m/n/10 Index built by []\T1/zi4/m/n/10 buildSearchIndexFromSequences 
[]\T1/ptm/m/n/10 or []\T1/zi4/m/n/10 buildSearchIndexFromFasta[]\T1/ptm/m/n/10 
. 
[12]
Overfull \hbox (45.21033pt too wide) in paragraph at lines 588--591
[]\T1/zi4/m/n/10 "ProteoformAb"[]\T1/ptm/m/n/10 , []\T1/zi4/m/n/10 "Digest"[]\T
1/ptm/m/n/10 , []\T1/zi4/m/n/10 "MSRun"[]\T1/ptm/m/n/10 , and []\T1/zi4/m/n/10 
"DataAnalysis"[]\T1/ptm/m/n/10 . De-fault is []\T1/zi4/m/n/10 "DataAnalysis"[]\
T1/ptm/m/n/10 . 
[13] [14] [15]
Overfull \hbox (33.88713pt too wide) in paragraph at lines 704--707
[]\T1/ptm/m/n/10 A char-ac-ter vec-tor of stages to com-pute hashes for. De-fau
lt is all stages: []\T1/zi4/m/n/10 "GroundTruth"[]\T1/ptm/m/n/10 ,
[16] (/usr/local/texlive/2022/texmf-dist/tex/latex/psnfss/ts1ptm.fd) [17]
[18] [19] [20]
Overfull \hbox (114.75635pt too wide) in paragraph at lines 1018--1018
 []\T1/zi4/m/n/9 benchmarks <- matrix_benchmarks(run_sims(def_param(), set_prot
eomaker(cores = NULL)), set_proteomaker(cores = NULL))[] 
[21] [22]
Overfull \hbox (13.25807pt too wide) in paragraph at lines 1111--1112
[]\T1/ptm/m/n/10 The method used for pro-tein sum-ma-riza-tion, e.g., "sum.top3
"
[23] [24] [25] [26] [27]
Overfull \hbox (7.39706pt too wide) in paragraph at lines 1401--1403
[]\T1/ptm/m/n/10 A list con-tain-ing cat-e-go-rized pa-ram-e-ter sets, typ-i-ca
lly gen-er-ated us-ing []\T1/zi4/m/n/10 def_param[]\T1/ptm/m/n/10 . 
[28] [29]
Overfull \hbox (7.57678pt too wide) in paragraph at lines 1506--1508
[]\T1/ptm/m/n/10 A log-i-cal value in-di-cat-ing whether to cal-cu-late all ben
ch-marks. De-fault is `TRUE`. 
[30]
Overfull \hbox (44.71754pt too wide) in paragraph at lines 1559--1561
[]\T1/ptm/m/n/10 A data frame con-tain-ing bench-mark re-sults, typ-i-cally gen
-er-ated by the []\T1/zi4/m/n/10 matrix_benchmarks
[31]
Overfull \hbox (114.75635pt too wide) in paragraph at lines 1630--1630
 []\T1/zi4/m/n/9 benchmarks <- matrix_benchmarks(run_sims(def_param(), set_prot
eomaker(cores = NULL)), set_proteomaker(cores = NULL)) 
(./Rd2.ind [32] [33] [34]) (./Rd2.aux)

Package rerunfilecheck Warning: File `Rd2.out' has changed.
(rerunfilecheck)                Rerun to get outlines right
(rerunfilecheck)                or use package `bookmark'.

 )
(see the transcript file for additional information){/usr/local/texlive/2022/te
xmf-dist/fonts/enc/dvips/base/8r.enc}{/usr/local/texlive/2022/texmf-dist/fonts/
enc/dvips/inconsolata/i4-t1-0.enc}</usr/local/texlive/2022/texmf-dist/fonts/typ
e1/public/inconsolata/Inconsolata-zi4r.pfb></usr/local/texlive/2022/texmf-dist/
fonts/type1/public/amsfonts/cm/cmsy10.pfb></usr/local/texlive/2022/texmf-dist/f
onts/type1/urw/times/utmb8a.pfb></usr/local/texlive/2022/texmf-dist/fonts/type1
/urw/times/utmr8a.pfb></usr/local/texlive/2022/texmf-dist/fonts/type1/urw/times
/utmr8a.pfb></usr/local/texlive/2022/texmf-dist/fonts/type1/urw/times/utmri8a.p
fb>
Output written on Rd2.pdf (34 pages, 159982 bytes).
Transcript written on Rd2.log.
This is makeindex, version 2.16 [TeX Live 2022] (kpathsea + Thai support).
Scanning input file Rd2.idx....done (82 entries accepted, 0 rejected).
Sorting entries....done (538 comparisons).
Generating output file Rd2.ind....done (130 lines written, 0 warnings).
Output written in Rd2.ind.
Transcript written in Rd2.ilg.
This is pdfTeX, Version 3.141592653-2.6-1.40.24 (TeX Live 2022) (preloaded format=pdflatex)
 restricted \write18 enabled.
entering extended mode
(./Rd2.tex
LaTeX2e <2022-11-01> patch level 1
L3 programming layer <2023-02-22>
(/usr/local/texlive/2022/texmf-dist/tex/latex/base/book.cls
Document Class: book 2022/07/02 v1.4n Standard LaTeX document class
(/usr/local/texlive/2022/texmf-dist/tex/latex/base/bk10.clo))
(/usr/share/R/share/texmf/tex/latex/Rd.sty
(/usr/local/texlive/2022/texmf-dist/tex/latex/base/ifthen.sty)
(/usr/local/texlive/2022/texmf-dist/tex/generic/iftex/iftex.sty)
(/usr/local/texlive/2022/texmf-dist/tex/latex/tools/longtable.sty)
(/usr/local/texlive/2022/texmf-dist/tex/latex/tools/bm.sty)
(/usr/local/texlive/2022/texmf-dist/tex/latex/base/alltt.sty)
(/usr/local/texlive/2022/texmf-dist/tex/latex/tools/verbatim.sty)
(/usr/local/texlive/2022/texmf-dist/tex/latex/url/url.sty)
(/usr/local/texlive/2022/texmf-dist/tex/latex/base/textcomp.sty)
(/usr/local/texlive/2022/texmf-dist/tex/latex/amsmath/amsmath.sty
For additional information on amsmath, use the `?' option.
(/usr/local/texlive/2022/texmf-dist/tex/latex/amsmath/amstext.sty
(/usr/local/texlive/2022/texmf-dist/tex/latex/amsmath/amsgen.sty))
(/usr/local/texlive/2022/texmf-dist/tex/latex/amsmath/amsbsy.sty)
(/usr/local/texlive/2022/texmf-dist/tex/latex/amsmath/amsopn.sty))
(/usr/local/texlive/2022/texmf-dist/tex/latex/amsfonts/amsfonts.sty)
(/usr/local/texlive/2022/texmf-dist/tex/latex/amsfonts/amssymb.sty)
(/usr/local/texlive/2022/texmf-dist/tex/latex/jknapltx/mathrsfs.sty)
(/usr/local/texlive/2022/texmf-dist/tex/latex/base/fontenc.sty)
(/usr/local/texlive/2022/texmf-dist/tex/latex/psnfss/times.sty)
(/usr/local/texlive/2022/texmf-dist/tex/latex/inconsolata/zi4.sty
`inconsolata-zi4' v1.12, 2019/05/17 Text macros for Inconsolata (msharpe)
(/usr/local/texlive/2022/texmf-dist/tex/latex/xkeyval/xkeyval.sty
(/usr/local/texlive/2022/texmf-dist/tex/generic/xkeyval/xkeyval.tex
(/usr/local/texlive/2022/texmf-dist/tex/generic/xkeyval/xkvutils.tex
(/usr/local/texlive/2022/texmf-dist/tex/generic/xkeyval/keyval.tex)))))
(/usr/local/texlive/2022/texmf-dist/tex/latex/graphics/color.sty
(/usr/local/texlive/2022/texmf-dist/tex/latex/graphics-cfg/color.cfg)
(/usr/local/texlive/2022/texmf-dist/tex/latex/graphics-def/pdftex.def)
(/usr/local/texlive/2022/texmf-dist/tex/latex/graphics/mathcolor.ltx))
(/usr/local/texlive/2022/texmf-dist/tex/latex/hyperref/hyperref.sty
(/usr/local/texlive/2022/texmf-dist/tex/generic/ltxcmds/ltxcmds.sty)
(/usr/local/texlive/2022/texmf-dist/tex/generic/pdftexcmds/pdftexcmds.sty
(/usr/local/texlive/2022/texmf-dist/tex/generic/infwarerr/infwarerr.sty))
(/usr/local/texlive/2022/texmf-dist/tex/latex/kvsetkeys/kvsetkeys.sty)
(/usr/local/texlive/2022/texmf-dist/tex/generic/kvdefinekeys/kvdefinekeys.sty)
(/usr/local/texlive/2022/texmf-dist/tex/generic/pdfescape/pdfescape.sty)
(/usr/local/texlive/2022/texmf-dist/tex/latex/hycolor/hycolor.sty)
(/usr/local/texlive/2022/texmf-dist/tex/latex/letltxmacro/letltxmacro.sty)
(/usr/local/texlive/2022/texmf-dist/tex/latex/auxhook/auxhook.sty)
(/usr/local/texlive/2022/texmf-dist/tex/latex/hyperref/nameref.sty
(/usr/local/texlive/2022/texmf-dist/tex/latex/refcount/refcount.sty)
(/usr/local/texlive/2022/texmf-dist/tex/generic/gettitlestring/gettitlestring.s
ty (/usr/local/texlive/2022/texmf-dist/tex/latex/kvoptions/kvoptions.sty)))
(/usr/local/texlive/2022/texmf-dist/tex/latex/hyperref/pd1enc.def)
(/usr/local/texlive/2022/texmf-dist/tex/generic/intcalc/intcalc.sty)
(/usr/local/texlive/2022/texmf-dist/tex/generic/etexcmds/etexcmds.sty)
(/usr/local/texlive/2022/texmf-dist/tex/latex/hyperref/puenc.def)
(/usr/local/texlive/2022/texmf-dist/tex/generic/bitset/bitset.sty
(/usr/local/texlive/2022/texmf-dist/tex/generic/bigintcalc/bigintcalc.sty))
(/usr/local/texlive/2022/texmf-dist/tex/latex/base/atbegshi-ltx.sty))
(/usr/local/texlive/2022/texmf-dist/tex/latex/hyperref/hpdftex.def
(/usr/local/texlive/2022/texmf-dist/tex/latex/base/atveryend-ltx.sty)
(/usr/local/texlive/2022/texmf-dist/tex/latex/rerunfilecheck/rerunfilecheck.sty

(/usr/local/texlive/2022/texmf-dist/tex/generic/uniquecounter/uniquecounter.sty
)))) (/usr/local/texlive/2022/texmf-dist/tex/latex/base/makeidx.sty)
Writing index file Rd2.idx
(/usr/local/texlive/2022/texmf-dist/tex/latex/psnfss/t1ptm.fd)
(/usr/local/texlive/2022/texmf-dist/tex/latex/l3backend/l3backend-pdftex.def)
(./Rd2.aux)
(/usr/local/texlive/2022/texmf-dist/tex/context/base/mkii/supp-pdf.mkii
[Loading MPS to PDF converter (version 2006.09.02).]
) (./Rd2.out) (./Rd2.out)
(/usr/local/texlive/2022/texmf-dist/tex/latex/inconsolata/t1zi4.fd) (./Rd2.toc
(/usr/local/texlive/2022/texmf-dist/tex/latex/amsfonts/umsa.fd)
(/usr/local/texlive/2022/texmf-dist/tex/latex/amsfonts/umsb.fd)
(/usr/local/texlive/2022/texmf-dist/tex/latex/jknapltx/ursfs.fd) [1{/usr/local/
texlive/2022/texmf-var/fonts/map/pdftex/updmap/pdftex.map}]) [2] [3]
Overfull \hbox (7.81787pt too wide) in paragraph at lines 125--126
[]\T1/ptm/m/n/10 list with PathTo-Fasta, En-zyme, Pep-Min-Length, Pep-MaxLength
, MaxNum-Missed-
[4] [5] [6] [7] [8] [9] [10] [11]
Overfull \hbox (23.14067pt too wide) in paragraph at lines 526--527
[]\T1/ptm/m/n/10 Index built by []\T1/zi4/m/n/10 buildSearchIndexFromSequences 
[]\T1/ptm/m/n/10 or []\T1/zi4/m/n/10 buildSearchIndexFromFasta[]\T1/ptm/m/n/10 
. 
[12]
Overfull \hbox (45.21033pt too wide) in paragraph at lines 588--591
[]\T1/zi4/m/n/10 "ProteoformAb"[]\T1/ptm/m/n/10 , []\T1/zi4/m/n/10 "Digest"[]\T
1/ptm/m/n/10 , []\T1/zi4/m/n/10 "MSRun"[]\T1/ptm/m/n/10 , and []\T1/zi4/m/n/10 
"DataAnalysis"[]\T1/ptm/m/n/10 . De-fault is []\T1/zi4/m/n/10 "DataAnalysis"[]\
T1/ptm/m/n/10 . 
[13] [14] [15]
Overfull \hbox (33.88713pt too wide) in paragraph at lines 704--707
[]\T1/ptm/m/n/10 A char-ac-ter vec-tor of stages to com-pute hashes for. De-fau
lt is all stages: []\T1/zi4/m/n/10 "GroundTruth"[]\T1/ptm/m/n/10 ,
[16] (/usr/local/texlive/2022/texmf-dist/tex/latex/psnfss/ts1ptm.fd) [17]
[18] [19] [20]
Overfull \hbox (114.75635pt too wide) in paragraph at lines 1018--1018
 []\T1/zi4/m/n/9 benchmarks <- matrix_benchmarks(run_sims(def_param(), set_prot
eomaker(cores = NULL)), set_proteomaker(cores = NULL))[] 
[21] [22]
Overfull \hbox (13.25807pt too wide) in paragraph at lines 1111--1112
[]\T1/ptm/m/n/10 The method used for pro-tein sum-ma-riza-tion, e.g., "sum.top3
"
[23] [24] [25] [26] [27]
Overfull \hbox (7.39706pt too wide) in paragraph at lines 1401--1403
[]\T1/ptm/m/n/10 A list con-tain-ing cat-e-go-rized pa-ram-e-ter sets, typ-i-ca
lly gen-er-ated us-ing []\T1/zi4/m/n/10 def_param[]\T1/ptm/m/n/10 . 
[28] [29]
Overfull \hbox (7.57678pt too wide) in paragraph at lines 1506--1508
[]\T1/ptm/m/n/10 A log-i-cal value in-di-cat-ing whether to cal-cu-late all ben
ch-marks. De-fault is `TRUE`. 
[30]
Overfull \hbox (44.71754pt too wide) in paragraph at lines 1559--1561
[]\T1/ptm/m/n/10 A data frame con-tain-ing bench-mark re-sults, typ-i-cally gen
-er-ated by the []\T1/zi4/m/n/10 matrix_benchmarks
[31]
Overfull \hbox (114.75635pt too wide) in paragraph at lines 1630--1630
 []\T1/zi4/m/n/9 benchmarks <- matrix_benchmarks(run_sims(def_param(), set_prot
eomaker(cores = NULL)), set_proteomaker(cores = NULL)) 
(./Rd2.ind [32] [33] [34]) (./Rd2.aux) )
(see the transcript file for additional information){/usr/local/texlive/2022/te
xmf-dist/fonts/enc/dvips/base/8r.enc}{/usr/local/texlive/2022/texmf-dist/fonts/
enc/dvips/inconsolata/i4-t1-0.enc}</usr/local/texlive/2022/texmf-dist/fonts/typ
e1/public/inconsolata/Inconsolata-zi4r.pfb></usr/local/texlive/2022/texmf-dist/
fonts/type1/public/amsfonts/cm/cmsy10.pfb></usr/local/texlive/2022/texmf-dist/f
onts/type1/urw/times/utmb8a.pfb></usr/local/texlive/2022/texmf-dist/fonts/type1
/urw/times/utmr8a.pfb></usr/local/texlive/2022/texmf-dist/fonts/type1/urw/times
/utmr8a.pfb></usr/local/texlive/2022/texmf-dist/fonts/type1/urw/times/utmri8a.p
fb>
Output written on Rd2.pdf (34 pages, 160065 bytes).
Transcript written on Rd2.log.
Saving output to ‘ProteoMaker-manual.pdf’ ...
Done
You may want to clean up by 'rm -Rf /tmp/RtmpLrsGs9/Rd2pdf15b9fa34c4b8bc'
